sp_rgen_Ajuste_Total_Update @ajusteid, 
@quiennotifico, 
@NombreDelNotificante, 
@faviso, 
@medionotificacionid, 
@nombrequienconfirma, 
@fechayhoraconfirmacion, 
@medioconfirmacionid, 
@cargoconfirmante, 
@aseguradoraid, 
@nombreresponsable, 
@telefonoresponsable, 
@emailresponsable, 
@brokerid, 
@nombreresponsablebroker, 
@telefonoresponsablebroker, 
@emailresponsablebroker, 
@numerosiniestroCia, 
@numerosiniestroBroker, 
@fsiniestro, 
@lugarsiniestro, 
@ubigeo, 
@distrito, 
@tiposiniestroId, 
@nombreresponsablesiniestro, 
@telefonoresponsablesiniestro, 
@emailresponsablesiniestro, 
@descripcion, 
@polizaid, 
@ajustadorid, 
@fechahoracoordinacion, 
@fechahoraprogramacion, 
@fechahorareunion, 
@ubigeoIDinspeccion, 
@distritoInspeccion, 
@personacontacto, 
@tajusteid, 
@lugareunion, 
@referencia, 
@telefonopersonacontacto, 
@contratante, 
@asegurado, 
@numeroPoliza, 
@RamoAfectado, 
 
sp_rgen_Ajuste_Total_Update 285,
-1,
null,
13/02/2008 12:28:00 a.m.,
3,
null,
13/02/2008 12:29:00 a.m.,
3,
null,
2,
CARLOS PRIETO,
4113000 1506,
cprieto@rimac.com.pe,
2059,
null,
null,
null,
null,
null,
12/02/2008 08:15:00 a.m.,
Jr. Arica 323 Los Angeles Maria,
null,
null,
177,
null,
null,
null,
null,
200,
4,
13/02/2008 12:30:00 a.m.,
13/02/2008 12:35:00 a.m.,
13/02/2008 12:31:00 a.m.,
null,
null,
null,
1,
null,
null,
null,
PREVENTORES Y PERITOS ASOCIADOS EN SEGUROS, DEPARTAMENTAL Y/O PROVINCIAL Y/O DISTRITAL,
PREVENTORES Y PERITOS ASOCIADOS EN SEGUROS, DEPARTAMENTAL Y/O PROVINCIAL Y/O DISTRITAL,
999999,
3-D,
